"../../../Engine/Content/Functions/Engine_MaterialFunctions01/Opacity/CameraDepthFade.uasset" 0
"../../../Engine/Content/EngineMaterials/T_Default_Material_Grid_M.uasset" 1
"../../../Engine/Content/EngineMaterials/T_Default_Material_Grid_N.uasset" 2
"../../../Engine/Content/EngineMaterials/WorldGridMaterial.uasset" 3
"../../../Engine/Content/ArtTools/RenderToTexture/Meshes/S_1_Unit_Plane.uasset" 4
"../../../Engine/Content/EngineMaterials/DefaultMaterial.uasset" 5
"../../../Engine/Content/BasicShapes/Cone.uasset" 6
"../../../Engine/Content/BasicShapes/Cylinder.uasset" 7
"../../../Engine/Content/BasicShapes/Plane.uasset" 8
"../../../Engine/Content/BasicShapes/Sphere.uasset" 9
"../../../Engine/Content/EngineMaterials/DefaultPhysicalMaterial.uasset" 10
"../../../Engine/Content/BufferVisualization/AmbientOcclusion.uasset" 11
"../../../Engine/Content/BufferVisualization/BaseColor.uasset" 12
"../../../Engine/Content/BufferVisualization/CustomDepth.uasset" 13
"../../../Engine/Content/Functions/Engine_MaterialFunctions02/Utility/VectorLength.uasset" 14
"../../../Engine/Content/BufferVisualization/CustomDepthWorldUnits.uasset" 15
"../../../Engine/Content/Functions/Engine_MaterialFunctions02/Utility/BreakOutFloat2Components.uasset" 16
"../../../Engine/Content/Functions/Engine_MaterialFunctions01/Texturing/ScaleUVsByCenter.uasset" 17
"../../../Engine/Content/Functions/Engine_MaterialFunctions02/ScreenResolution.uasset" 18
"../../../Engine/Content/Functions/Engine_MaterialFunctions02/Texturing/ScreenAlignedUVs.uasset" 19
"../../../Engine/Content/Functions/Engine_MaterialFunctions02/Utility/MakeFloat2.uasset" 20
"../../../Engine/Content/Functions/Engine_MaterialFunctions02/Utility/MakeFloat3.uasset" 21
"../../../Engine/Content/EngineMaterials/MiniFont.uasset" 22
"../../../Engine/Content/BufferVisualization/CustomStencil.uasset" 23
"../../../Engine/Content/BufferVisualization/FinalImage.uasset" 24
"../../../Engine/Content/BufferVisualization/LightingModel.uasset" 25
"../../../Engine/Content/BufferVisualization/MaterialAO.uasset" 26
"../../../Engine/Content/BufferVisualization/Metallic.uasset" 27
"../../../Engine/Content/BufferVisualization/Opacity.uasset" 28
"../../../Engine/Content/BufferVisualization/PostTonemapHDRColor.uasset" 29
"../../../Engine/Content/BufferVisualization/PreTonemapHDRColor.uasset" 30
"../../../Engine/Content/BufferVisualization/Roughness.uasset" 31
"../../../Engine/Content/BufferVisualization/SceneColor.uasset" 32
"../../../Engine/Content/BufferVisualization/SceneDepth.uasset" 33
"../../../Engine/Content/BufferVisualization/SceneDepthWorldUnits.uasset" 34
"../../../Engine/Content/BufferVisualization/SeparateTranslucencyA.uasset" 35
"../../../Engine/Content/BufferVisualization/SeparateTranslucencyRGB.uasset" 36
"../../../Engine/Content/BufferVisualization/Specular.uasset" 37
"../../../Engine/Content/BufferVisualization/SubsurfaceColor.uasset" 38
"../../../Engine/Content/BufferVisualization/WorldNormal.uasset" 39
"../../../Engine/Content/EditorLandscapeResources/DataLayer.uasset" 40
"../../../Engine/Content/EditorLandscapeResources/DefaultAlphaTexture.uasset" 41
"../../../Engine/Content/EditorLandscapeResources/LandscapeGizmoHeight_Mat.uasset" 42
"../../../Engine/Content/EditorLandscapeResources/LandscapeGizmo_Mat.uasset" 43
"../../../Engine/Content/EditorLandscapeResources/LandscapeGizmo_Mat_Copied.uasset" 44
"../../../Engine/Content/EditorLandscapeResources/SplineEditorMeshMat.uasset" 45
"../../../Engine/Content/EditorLandscapeResources/SplineEditorMesh.uasset" 46
"../../../Engine/Content/EditorMaterials/Cross.uasset" 47
"../../../Engine/Content/EditorMaterials/Cross_Mat.uasset" 48
"../../../Engine/Content/EditorMaterials/GizmoMaterial.uasset" 49
"../../../Engine/Content/Functions/Engine_MaterialFunctions02/Utility/Sign.uasset" 50
"../../../Engine/Content/Functions/Engine_MaterialFunctions02/Utility/Round.uasset" 51
"../../../Engine/Content/Functions/Engine_MaterialFunctions02/ExampleContent/Textures/flipbook.uasset" 52
"../../../Engine/Content/Functions/Engine_MaterialFunctions02/Texturing/FlipBook.uasset" 53
"../../../Engine/Content/EditorResources/T_EditorHelp.uasset" 54
"../../../Engine/Content/EditorMaterials/HelpActorMaterial.uasset" 55
"../../../Engine/Content/EditorMaterials/CompositeARGBLayer.uasset" 56
"../../../Engine/Content/EditorMaterials/TilingAALineIntegral.uasset" 57
"../../../Engine/Content/EditorMaterials/TilingAALineBoxFiltered.uasset" 58
"../../../Engine/Content/Functions/Engine_MaterialFunctions03/Procedurals/ComputeFilterWidth.uasset" 59
"../../../Engine/Content/EditorMaterials/TilingAADots.uasset" 60
"../../../Engine/Content/EditorMaterials/Cascade/CASC_Cross.uasset" 61
"../../../Engine/Content/EditorMaterials/Cascade/CASC_None.uasset" 62
"../../../Engine/Content/Functions/Engine_MaterialFunctions03/Blends/Blend_Screen.uasset" 63
"../../../Engine/Content/EditorMaterials/TilingAAGrid.uasset" 64
"../../../Engine/Content/EditorMaterials/LevelGridMaterial.uasset" 65
"../../../Engine/Content/EditorMaterials/MakeCompositeARGBLayer.uasset" 66
"../../../Engine/Content/EditorResources/LevelGrid1DStripes.uasset" 67
"../../../Engine/Content/EditorMaterials/TextureGridCascaded1D.uasset" 68
"../../../Engine/Content/EditorMaterials/TextureGridCascaded2D.uasset" 69
"../../../Engine/Content/EditorMaterials/LevelGridMaterial2.uasset" 70
"../../../Engine/Content/EditorMaterials/MAT_Groups_Toggle.uasset" 71
"../../../Engine/Content/EditorMaterials/MAT_Groups_Visibility.uasset" 72
"../../../Engine/Content/EditorMaterials/PhAT_BoneSelectedMaterial.uasset" 73
"../../../Engine/Content/EditorMaterials/PhAT_ElemSelectedMaterial.uasset" 74
"../../../Engine/Content/EditorMaterials/PhAT_NoCollisionMaterial.uasset" 75
"../../../Engine/Content/EditorMaterials/PhAT_UnselectedMaterial.uasset" 76
"../../../Engine/Content/EditorMaterials/PreviewShadowIndicator.uasset" 77
"../../../Engine/Content/EditorMaterials/PreviewShadowIndicatorMaterial.uasset" 78
"../../../Engine/Content/EditorMaterials/TargetIcon.uasset" 79
"../../../Engine/Content/EditorMaterials/Tick.uasset" 80
"../../../Engine/Content/EditorMaterials/Tick_Mat.uasset" 81
"../../../Engine/Content/EditorMaterials/WidgetGridVertexColorMaterial.uasset" 82
"../../../Engine/Content/EditorMaterials/WidgetGridVertexColorMaterial_Ma.uasset" 83
"../../../Engine/Content/EditorMaterials/WidgetMaterial.uasset" 84
"../../../Engine/Content/EditorMaterials/WidgetMaterial_Current.uasset" 85
"../../../Engine/Content/EditorMaterials/WidgetMaterial_X.uasset" 86
"../../../Engine/Content/EditorMaterials/WidgetMaterial_Y.uasset" 87
"../../../Engine/Content/EditorMaterials/WidgetMaterial_Z.uasset" 88
"../../../Engine/Content/EditorMaterials/WidgetVertexColorMaterial.uasset" 89
"../../../Engine/Content/EditorMaterials/MatineeGroups/MAT_ColorTrack.uasset" 90
"../../../Engine/Content/EditorMaterials/MatineeGroups/MAT_Groups_Anim.uasset" 91
"../../../Engine/Content/EditorMaterials/MatineeGroups/MAT_Groups_AudioMaster.uasset" 92
"../../../Engine/Content/EditorMaterials/MatineeGroups/MAT_Groups_Director.uasset" 93
"../../../Engine/Content/EditorMaterials/MatineeGroups/MAT_Groups_Event.uasset" 94
"../../../Engine/Content/EditorMaterials/MatineeGroups/MAT_Groups_Fade.uasset" 95
"../../../Engine/Content/EditorMaterials/MatineeGroups/MAT_Groups_Float.uasset" 96
"../../../Engine/Content/EditorMaterials/MatineeGroups/MAT_Groups_Move.uasset" 97
"../../../Engine/Content/EditorMaterials/MatineeGroups/MAT_Groups_Slomo.uasset" 98
"../../../Engine/Content/EditorMaterials/MatineeGroups/MAT_Groups_Sound.uasset" 99
"../../../Engine/Content/EditorMaterials/MatineeGroups/MAT_Groups_Vector.uasset" 100
"../../../Engine/Content/EditorMaterials/ParticleSystems/PSysThumbnail_NoImage.uasset" 101
"../../../Engine/Content/EditorMaterials/ParticleSystems/PSysThumbnail_OOD.uasset" 102
"../../../Engine/Content/EngineMaterials/Grid.uasset" 103
"../../../Engine/Content/EditorMaterials/Thumbnails/FloorPlaneMaterial.uasset" 104
"../../../Engine/Content/EditorMeshes/EditorCube.uasset" 105
"../../../Engine/Content/EditorMeshes/EditorCylinder.uasset" 106
"../../../Engine/Content/EditorMeshes/EditorPlane.uasset" 107
"../../../Engine/Content/EditorMaterials/Thumbnails/SkySphereMaterial.uasset" 108
"../../../Engine/Content/EditorMeshes/EditorSkySphere.uasset" 109
"../../../Engine/Content/EditorMeshes/EditorSphere.uasset" 110
"../../../Engine/Content/EditorResources/MatineeCam_D.uasset" 111
"../../../Engine/Content/EditorMaterials/MatineeCam_mat.uasset" 112
"../../../Engine/Content/EditorMeshes/MatineeCam_SM.uasset" 113
"../../../Engine/Content/EditorMaterials/Camera/CineMat.uasset" 114
"../../../Engine/Content/EditorMaterials/Camera/MI_CineMat_CameraBody.uasset" 115
"../../../Engine/Content/EngineDebugMaterials/M_SimpleOpaque.uasset" 116
"../../../Engine/Content/EditorMaterials/Camera/MI_CineMat_CamViewFinder.uasset" 117
"../../../Engine/Content/EditorMeshes/Camera/SM_CineCam.uasset" 118
"../../../Engine/Content/EditorMaterials/Camera/MI_CineMat_Rig.uasset" 119
"../../../Engine/Content/EditorMeshes/Camera/SM_CraneRig_Arm.uasset" 120
"../../../Engine/Content/EditorMeshes/Camera/SM_CraneRig_Base.uasset" 121
"../../../Engine/Content/EditorMeshes/Camera/SM_CraneRig_Body.uasset" 122
"../../../Engine/Content/EditorMeshes/Camera/SM_CraneRig_Mount.uasset" 123
"../../../Engine/Content/EditorMeshes/Camera/SM_RailRig_Mount.uasset" 124
"../../../Engine/Content/EditorMeshes/Camera/SM_RailRig_Track.uasset" 125
"../../../Engine/Content/EditorMeshes/ColorCalibrator/M_ChromeBall.uasset" 126
"../../../Engine/Content/EditorMeshes/ColorCalibrator/M_ClearCoat.uasset" 127
"../../../Engine/Content/EditorMeshes/ColorCalibrator/M_ClearCoatBlack.uasset" 128
"../../../Engine/Content/EditorMeshes/ColorCalibrator/Color_checker.uasset" 129
"../../../Engine/Content/EditorMeshes/ColorCalibrator/M_ColorGrid.uasset" 130
"../../../Engine/Content/EditorMeshes/ColorCalibrator/M_GreyBall.uasset" 131
"../../../Engine/Content/EditorMeshes/ColorCalibrator/SM_ColorCalibrator.uasset" 132
"../../../Engine/Content/EditorResources/Bad.uasset" 133
"../../../Engine/Content/EditorResources/BSPVertex.uasset" 134
"../../../Engine/Content/EditorResources/EmptyActor.uasset" 135
"../../../Engine/Content/EditorResources/MatInstActSprite.uasset" 136
"../../../Engine/Content/EditorResources/SceneManager.uasset" 137
"../../../Engine/Content/EditorResources/SmallFont.uasset" 138
"../../../Engine/Content/EditorResources/S_Actor.uasset" 139
"../../../Engine/Content/EditorResources/S_DecalActorIcon.uasset" 140
"../../../Engine/Content/EditorResources/S_Emitter.uasset" 141
"../../../Engine/Content/EditorResources/S_ExpoHeightFog.uasset" 142
"../../../Engine/Content/EditorResources/S_FTest.uasset" 143
"../../../Engine/Content/EditorResources/S_KBSJoint.uasset" 144
"../../../Engine/Content/EditorResources/S_KHinge.uasset" 145
"../../../Engine/Content/EditorResources/S_KPrismatic.uasset" 146
"../../../Engine/Content/EditorResources/S_LevelSequence.uasset" 147
"../../../Engine/Content/EditorResources/S_NavP.uasset" 148
"../../../Engine/Content/EditorResources/S_Note.uasset" 149
"../../../Engine/Content/EditorResources/S_Player.uasset" 150
"../../../Engine/Content/EditorResources/S_PortalActorIcon2.uasset" 151
"../../../Engine/Content/EditorResources/S_RadForce.uasset" 152
"../../../Engine/Content/EditorResources/S_ReflActorIcon.uasset" 153
"../../../Engine/Content/EditorResources/S_Terrain.uasset" 154
"../../../Engine/Content/EditorResources/S_TextRenderActorIcon.uasset" 155
"../../../Engine/Content/EditorResources/S_Thruster.uasset" 156
"../../../Engine/Content/EditorResources/S_Trigger.uasset" 157
"../../../Engine/Content/EditorResources/S_VectorFieldVol.uasset" 158
"../../../Engine/Content/EditorResources/S_WindDirectional.uasset" 159
"../../../Engine/Content/EditorResources/AI/S_NavLink.uasset" 160
"../../../Engine/Content/EditorResources/LightIcons/SkyLight.uasset" 161
"../../../Engine/Content/EditorResources/LightIcons/S_LightDirectional.uasset" 162
"../../../Engine/Content/EditorResources/LightIcons/S_LightDirectionalMove.uasset" 163
"../../../Engine/Content/EditorResources/LightIcons/S_LightError.uasset" 164
"../../../Engine/Content/EditorResources/LightIcons/S_LightPoint.uasset" 165
"../../../Engine/Content/EditorResources/LightIcons/S_LightPointMove.uasset" 166
"../../../Engine/Content/EditorResources/LightIcons/S_LightSpot.uasset" 167
"../../../Engine/Content/EditorResources/LightIcons/S_LightSpotMove.uasset" 168
"../../../Engine/Content/EditorResources/SequenceRecorder/Countdown.uasset" 169
"../../../Engine/Content/EditorResources/SequenceRecorder/RecordingIndicator.uasset" 170
"../../../Engine/Content/EditorResources/Spline/T_Loft_Spline.uasset" 171
"../../../Engine/Content/EditorSounds/Notifications/CompileFailed.uasset" 172
"../../../Engine/Content/EditorSounds/Notifications/CompileFailed_Cue.uasset" 173
"../../../Engine/Content/EditorSounds/Notifications/CompileSuccess.uasset" 174
"../../../Engine/Content/EditorSounds/Notifications/CompileStart_Cue.uasset" 175
"../../../Engine/Content/EditorSounds/Notifications/CompileSuccess_Cue.uasset" 176
"../../../Engine/Content/EngineDamageTypes/DmgTypeBP_Environmental.uasset" 177
"../../../Engine/Content/EngineDebugMaterials/HeatmapGradient.uasset" 178
"../../../Engine/Content/EngineDebugMaterials/BoneWeightMaterial.uasset" 179
"../../../Engine/Content/EngineDebugMaterials/ClothMaterial.uasset" 180
"../../../Engine/Content/EngineDebugMaterials/ClothMaterial_WF.uasset" 181
"../../../Engine/Content/EngineDebugMaterials/DebugEditorMaterial.uasset" 182
"../../../Engine/Content/EngineDebugMaterials/DebugMeshMaterial.uasset" 183
"../../../Engine/Content/EngineDebugMaterials/GeomMaterial.uasset" 184
"../../../Engine/Content/Functions/Engine_MaterialFunctions01/Shading/ConvertFromDiffSpec.uasset" 185
"../../../Engine/Content/EngineDebugMaterials/LevelColorationLitMaterial.uasset" 186
"../../../Engine/Content/EngineDebugMaterials/LevelColorationUnlitMaterial.uasset" 187
"../../../Engine/Content/EngineMaterials/DefaultWhiteGrid.uasset" 188
"../../../Engine/Content/EngineDebugMaterials/MAT_LevelColorationLitLightmapUV.uasset" 189
"../../../Engine/Content/EngineDebugMaterials/M_SimpleTranslucent.uasset" 190
"../../../Engine/Content/EngineDebugMaterials/ShadedLevelColorationLitMaterial.uasset" 191
"../../../Engine/Content/EngineDebugMaterials/ShadedLevelColorationUnlitMateri.uasset" 192
"../../../Engine/Content/EngineDebugMaterials/VertexColorMaterial.uasset" 193
"../../../Engine/Content/EngineDebugMaterials/VertexColorViewMode_AlphaAsColor.uasset" 194
"../../../Engine/Content/EngineDebugMaterials/VertexColorViewMode_BlueOnly.uasset" 195
"../../../Engine/Content/EngineDebugMaterials/VertexColorViewMode_ColorOnly.uasset" 196
"../../../Engine/Content/EngineDebugMaterials/VertexColorViewMode_GreenOnly.uasset" 197
"../../../Engine/Content/EngineDebugMaterials/VertexColorViewMode_RedOnly.uasset" 198
"../../../Engine/Content/EngineDebugMaterials/WireframeMaterial.uasset" 199
"../../../Engine/Content/EngineFonts/Faces/RobotoBold.uasset" 200
"../../../Engine/Content/EngineFonts/Faces/RobotoBoldItalic.uasset" 201
"../../../Engine/Content/EngineFonts/Faces/RobotoItalic.uasset" 202
"../../../Engine/Content/EngineFonts/Faces/RobotoLight.uasset" 203
"../../../Engine/Content/EngineFonts/Faces/RobotoRegular.uasset" 204
"../../../Engine/Content/EngineFonts/Roboto.uasset" 205
"../../../Engine/Content/EngineFonts/Faces/RobotoTiny.uasset" 206
"../../../Engine/Content/EngineFonts/RobotoTiny.uasset" 207
"../../../Engine/Content/EngineFonts/SmallFont.uasset" 208
"../../../Engine/Content/EngineFonts/TinyFont.uasset" 209
"../../../Engine/Content/EngineResources/WhiteSquareTexture.uasset" 210
"../../../Engine/Content/EngineMaterials/BlinkingCaret.uasset" 211
"../../../Engine/Content/EngineMaterials/DefaultBloomKernel.uasset" 212
"../../../Engine/Content/EngineMaterials/DefaultBokeh.uasset" 213
"../../../Engine/Content/EngineMaterials/DefaultDiffuse.uasset" 214
"../../../Engine/Content/EngineMaterials/DefaultDeferredDecalMaterial.uasset" 215
"../../../Engine/Content/EngineMaterials/DefaultLightFunctionMaterial.uasset" 216
"../../../Engine/Content/EngineMaterials/DefaultPostProcessMaterial.uasset" 217
"../../../Engine/Content/EngineFonts/RobotoDistanceField.uasset" 218
"../../../Engine/Content/EngineMaterials/DefaultTextMaterialOpaque.uasset" 219
"../../../Engine/Content/EngineMaterials/EditorBrushMaterial.uasset" 220
"../../../Engine/Content/EngineMaterials/Grid_N.uasset" 221
"../../../Engine/Content/EngineMaterials/HighResolutionScreenshotMaskFunction.uasset" 222
"../../../Engine/Content/EngineMaterials/HighResScreenshot.uasset" 223
"../../../Engine/Content/EngineMaterials/HighResScreenshotCaptureRegion.uasset" 224
"../../../Engine/Content/EngineMaterials/HighResScreenshotMask.uasset" 225
"../../../Engine/Content/EngineMaterials/LandscapeHolePhysicalMaterial.uasset" 226
"../../../Engine/Content/EngineMaterials/InvalidLightmapSettings.uasset" 227
"../../../Engine/Content/EngineMaterials/M_InvalidLightmapSettings.uasset" 228
"../../../Engine/Content/EngineMaterials/PaperDiffuse.uasset" 229
"../../../Engine/Content/EngineMaterials/PaperNormal.uasset" 230
"../../../Engine/Content/Functions/Engine_MaterialFunctions02/WorldPositionOffset/CameraOffset.uasset" 231
"../../../Engine/Content/EngineMaterials/PhAT_JointLimitMaterial.uasset" 232
"../../../Engine/Content/EngineMaterials/PhysMat_Rubber.uasset" 233
"../../../Engine/Content/EngineMaterials/PreintegratedSkinBRDF.uasset" 234
"../../../Engine/Content/EngineMaterials/RemoveSurfaceMaterial.uasset" 235
"../../../Engine/Content/EngineMaterials/WeightMapPlaceholderTexture.uasset" 236
"../../../Engine/Content/EngineMaterials/Widget3DPassThrough.uasset" 237
"../../../Engine/Content/EngineMaterials/Widget3DPassThrough_Masked.uasset" 238
"../../../Engine/Content/EngineMaterials/Widget3DPassThrough_Opaque.uasset" 239
"../../../Engine/Content/EngineMaterials/Widget3DPassThrough_Masked_OneSided.uasset" 240
"../../../Engine/Content/EngineMaterials/Widget3DPassThrough_Opaque_OneSided.uasset" 241
"../../../Engine/Content/EngineMaterials/Widget3DPassThrough_Translucent.uasset" 242
"../../../Engine/Content/EngineMaterials/Widget3DPassThrough_Translucent_OneSided.uasset" 243
"../../../Engine/Content/EngineMeshes/Cube.uasset" 244
"../../../Engine/Content/EngineMeshes/Cylinder.uasset" 245
"../../../Engine/Content/EngineMeshes/Sphere.uasset" 246
"../../../Engine/Content/EngineResources/DefaultTexture.uasset" 247
"../../../Engine/Content/EngineResources/DefaultTextureCube.uasset" 248
"../../../Engine/Content/EngineResources/GradientTexture0.uasset" 249
"../../../Engine/Content/EngineResources/StreamingPauseIcon.uasset" 250
"../../../Engine/Content/EngineResources/M_StreamingPause.uasset" 251
"../../../Engine/Content/EngineSounds/Master.uasset" 252
"../../../Engine/Content/Functions/Engine_MaterialFunctions01/Shading/PowerToRoughness.uasset" 253
"../../../Engine/Content/Maps/Templates/Thumbnails/Default.uasset" 254
"../../../Engine/Content/Maps/Templates/Thumbnails/VR-Basic.uasset" 255
"../../../Engine/Content/MapTemplates/Sky/DaylightAmbientCubemap.uasset" 256
"../../../Engine/Content/MobileResources/T_MobileControls_texture.uasset" 257
"../../../Engine/Content/MobileResources/T_MobileMenu2.uasset" 258
"../../../Engine/Content/MobileResources/HUD/AnalogHat.uasset" 259
"../../../Engine/Content/MobileResources/HUD/VirtualJoystick_Background.uasset" 260
"../../../Engine/Content/MobileResources/HUD/VirtualJoystick_Thumb.uasset" 261
"../../../Engine/Content/MobileResources/HUD/DefaultVirtualJoysticks.uasset" 262
"../../../Engine/Content/MobileResources/HUD/LeftVirtualJoystickOnly.uasset" 263
"../../../Engine/Content/MobileResources/HUD/MobileHUDButton1_off.uasset" 264
"../../../Engine/Content/MobileResources/HUD/MobileHUDButton1_on.uasset" 265
"../../../Engine/Content/MobileResources/HUD/MobileHUDButton2_off.uasset" 266
"../../../Engine/Content/MobileResources/HUD/MobileHUDButton2_on.uasset" 267
"../../../Engine/Content/MobileResources/HUD/MobileHUDButton3.uasset" 268
"../../../Engine/Content/MobileResources/HUD/MobileHUDButtonFire.uasset" 269
"../../../Engine/Content/MobileResources/HUD/MobileHUDDirectionPad.uasset" 270
"../../../Engine/Content/MobileResources/HUD/MobileHUDDirectionPad2.uasset" 271
"../../../Engine/Content/MobileResources/HUD/MobileHUDDirectionPad3.uasset" 272
"../../../Engine/Content/MobileResources/HUD/MobileHUDDirectionStick.uasset" 273
"../../../Engine/Content/MobileResources/HUD/T_Castle_ThumbstickInner.uasset" 274
"../../../Engine/Content/MobileResources/HUD/T_Castle_ThumbstickOutter.uasset" 275
"../../../Engine/Content/Tutorial/ContentIntroCurve.uasset" 276
"../../../Engine/Content/Tutorial/Basics/TutorialAssets/icon_tab_Levels_40x.uasset" 277
"../../../Engine/Content/Tutorial/BlueprintTutorials/TutorialAssets/BlueprintInterface_64x.uasset" 278
"../../../Engine/Content/Tutorial/BlueprintTutorials/TutorialAssets/BlueprintMacroLibrary_64x.uasset" 279
"../../../Engine/Content/Tutorial/BlueprintTutorials/TutorialAssets/Blueprint_64x.uasset" 280
"../../../Engine/Content/Tutorial/BlueprintTutorials/TutorialAssets/Tutorial_BP_Interface.uasset" 281
"../../../Engine/Content/Tutorial/Foliage/TutorialAssets/Foliage.uasset" 282
"../../../Engine/Content/Tutorial/Landscape/TutorialAssets/Landscape.uasset" 283
"../../../Engine/Content/Tutorial/Paper2D/TutorialAssets/Paper2DFlipbook_TutorialIcon.uasset" 284
"../../../Engine/Content/Tutorial/Paper2D/TutorialAssets/Paper2DSprite_TutorialIcon.uasset" 285
"../../../Engine/Content/Tutorial/SubEditors/TutorialAssets/icon_Editor_Preferences_General_40x.uasset" 286
"../../../Engine/Content/Tutorial/SubEditors/TutorialAssets/icon_ShowSkeletalMeshes_40x.uasset" 287
"../../../Engine/Content/Tutorial/SubEditors/TutorialAssets/TutorialMaterial.uasset" 288
"../../../Engine/Content/Tutorial/SubEditors/TutorialAssets/T_SmokeSubUV_8X8.uasset" 289
"../../../Engine/Content/Tutorial/SubEditors/TutorialAssets/T_soft_smoke.uasset" 290
"../../../Engine/Content/Tutorial/SubEditors/TutorialAssets/M_smoke_subUV_blackbody.uasset" 291
"../../../Engine/Content/Tutorial/SubEditors/TutorialAssets/TutorialParticleSystem.uasset" 292
"../../../Engine/Content/VREditor/Devices/Generic/GenericHMDMaterial.uasset" 293
"../../../Engine/Content/VREditor/Devices/Generic/GenericHMD.uasset" 294
"../../../Engine/Content/Functions/Engine_MaterialFunctions02/Utility/BreakOutFloat3Components.uasset" 295
"../../../Engine/Content/VREditor/Devices/Vive/VivePreController_MasksB.uasset" 296
"../../../Engine/Content/VREditor/Devices/Oculus/OculusControllerMaterial.uasset" 297
"../../../Engine/Content/VREditor/Devices/Oculus/OculusControllerMaterial_Inst.uasset" 298
"../../../Engine/Content/VREditor/Devices/Oculus/OculusControllerMesh.uasset" 299
"../../../Engine/Content/VREditor/Devices/Vive/T_VivePreController_EM.uasset" 300
"../../../Engine/Content/VREditor/Devices/Vive/VivePreController_MasksA.uasset" 301
"../../../Engine/Content/VREditor/Devices/Vive/VivePreControllerDiffuse.uasset" 302
"../../../Engine/Content/VREditor/Devices/Vive/VivePreControllerSpec.uasset" 303
"../../../Engine/Content/VREditor/LaserPointer/VR_LaserPower_01.uasset" 304
"../../../Engine/Content/VREditor/Devices/Vive/VivePreControllerMaterial.uasset" 305
"../../../Engine/Content/VREditor/Devices/Vive/VivePreControllerMaterial_Inst.uasset" 306
"../../../Engine/Content/VREditor/Devices/Vive/VivePreControllerMesh.uasset" 307
"../../../Engine/Content/VREditor/FloatingText/LineMaterial.uasset" 308
"../../../Engine/Content/VREditor/FloatingText/JointSphere.uasset" 309
"../../../Engine/Content/VREditor/FloatingText/LineSegmentCylinder.uasset" 310
"../../../Engine/Content/VREditor/Fonts/VRText_RobotoLarge.uasset" 311
"../../../Engine/Content/VREditor/Fonts/VRTextMaterial.uasset" 312
"../../../Engine/Content/VREditor/Fonts/TranslucentVRTextMaterial.uasset" 313
"../../../Engine/Content/VREditor/LaserPointer/CursorPointer.uasset" 314
"../../../Engine/Content/VREditor/TransformGizmo/TransformGizmoMaterial.uasset" 315
"../../../Engine/Content/VREditor/LaserPointer/HoverMaterial.uasset" 316
"../../../Engine/Content/VREditor/TransformGizmo/TranslucentTransformGizmoMaterial.uasset" 317
"../../../Engine/Content/VREditor/LaserPointer/TranslucentHoverMaterial.uasset" 318
"../../../Engine/Content/VREditor/LaserPointer/HoverMesh.uasset" 319
"../../../Engine/Content/VREditor/LaserPointer/LaserPointerMaterial.uasset" 320
"../../../Engine/Content/VREditor/LaserPointer/LaserPointerMaterialInst.uasset" 321
"../../../Engine/Content/VREditor/LaserPointer/TranslucentLaserPointerMaterialInst.uasset" 322
"../../../Engine/Content/VREditor/LaserPointer/LaserPointerMesh.uasset" 323
"../../../Engine/Content/VREditor/LaserPointer/LaserPointerMesh_End.uasset" 324
"../../../Engine/Content/VREditor/LaserPointer/LaserPointerMesh_Start.uasset" 325
"../../../Engine/Content/VREditor/Sounds/VR_teleport.uasset" 326
"../../../Engine/Content/VREditor/Sounds/UI/Click_on_Button.uasset" 327
"../../../Engine/Content/VREditor/Sounds/UI/Click_on_Button_Cue.uasset" 328
"../../../Engine/Content/VREditor/Sounds/UI/Dockable_Window_Close.uasset" 329
"../../../Engine/Content/VREditor/Sounds/UI/Dockable_Window_Drop.uasset" 330
"../../../Engine/Content/VREditor/Sounds/UI/Dockable_Window_Open.uasset" 331
"../../../Engine/Content/VREditor/Sounds/UI/Dockable_Window_Pick_Up.uasset" 332
"../../../Engine/Content/VREditor/Sounds/UI/Drop_Item_From_ContentBrowser.uasset" 333
"../../../Engine/Content/VREditor/Sounds/UI/Floating_UI_Open-001.uasset" 334
"../../../Engine/Content/VREditor/Sounds/UI/Radial_Menu_FadeOut.uasset" 335
"../../../Engine/Content/VREditor/Sounds/UI/Teleport_Mode_Entered.uasset" 336
"../../../Engine/Content/VREditor/Teleport/TeleportDirectionMaterial.uasset" 337
"../../../Engine/Content/VREditor/Teleport/TeleportDirectionMaterial_Inst.uasset" 338
"../../../Engine/Content/VREditor/Teleport/TeleportDirectionMesh.uasset" 339
"../../../Engine/Content/VREditor/TransformGizmo/BoundingBoxCorner.uasset" 340
"../../../Engine/Content/VREditor/TransformGizmo/BoundingBoxEdge.uasset" 341
"../../../Engine/Content/VREditor/TransformGizmo/PlaneTranslationHandle.uasset" 342
"../../../Engine/Content/VREditor/TransformGizmo/Main.uasset" 343
"../../../Engine/Content/VREditor/TransformGizmo/Xray.uasset" 344
"../../../Engine/Content/VREditor/TransformGizmo/SM_Dialog_Close.uasset" 345
"../../../Engine/Content/VREditor/TransformGizmo/SM_Dialog_Move.uasset" 346
"../../../Engine/Content/VREditor/TransformGizmo/SM_Sequencer_Key.uasset" 347
"../../../Engine/Content/VREditor/TransformGizmo/SM_Sequencer_Node.uasset" 348
"../../../Engine/Content/VREditor/TransformGizmo/TransformGizmoMaterial_Inst.uasset" 349
"../../../Engine/Content/VREditor/TransformGizmo/TranslucentTransformGizmoMaterial_Inst.uasset" 350
"../../../Engine/Content/VREditor/Devices/Vive/UE4_Logo.uasset" 351
"../../../Engine/Content/VREditor/UI/M_ContentWindow.uasset" 352
"../../../Engine/Content/VREditor/UI/SM_ContentWindow_01.uasset" 353
"../../../Engine/Content/VREditor/UI/KeyDiskMaterial.uasset" 354
"../../../Engine/Content/VREditor/UI/DiscMaterial.uasset" 355
"../../../Engine/Content/VREditor/UI/SM_Radial_Disk.uasset" 356
"../../../Engine/Content/VREditor/UI/ArrowMaterial.uasset" 357
"../../../Engine/Content/VREditor/UI/SM_Radial_Pointer.uasset" 358
"../../../Engine/Content/Functions/Engine_MaterialFunctions01/Gradient/RadialGradient.uasset" 359
"../../../Engine/Content/VREditor/WorldMovementGrid/SimpleGrid.uasset" 360
"../../../Engine/Content/VREditor/WorldMovementGrid/GridMaterial.uasset" 361
"../../../Engine/Content/Functions/Engine_MaterialFunctions01/Density/ExponentialDensity.uasset" 362
"../../../Engine/Content/VREditor/WorldMovementGrid/GridPostProcess.uasset" 363
"../../../Engine/Content/EditorLandscapeResources/FlattenHeightMat.uasset" 364
"../../../Engine/Content/VREditor/WorldMovementGrid/PlaneMesh.uasset" 365
"F:/Project_Bytes/Content/Dynamic/Characters/Exterminator/Character/Mesh/SK_Mannequin_Arms_Skeleton.uasset" 366
"F:/Project_Bytes/Content/Dynamic/Characters/Exterminator/Animations/FirstPerson_Idle.uasset" 367
"F:/Project_Bytes/Content/Dynamic/Characters/Exterminator/Animations/FirstPerson_JumpEnd.uasset" 368
"F:/Project_Bytes/Content/Dynamic/Characters/Exterminator/Animations/FirstPerson_JumpLoop.uasset" 369
"F:/Project_Bytes/Content/Dynamic/Characters/Exterminator/Animations/FirstPerson_JumpStart.uasset" 370
"F:/Project_Bytes/Content/Dynamic/Characters/Exterminator/Animations/FirstPerson_Run.uasset" 371
"../../../Engine/Content/EditorBlueprintResources/StandardMacros.uasset" 372
"F:/Project_Bytes/Content/Dynamic/Characters/Exterminator/Animations/FirstPerson_AnimBP.uasset" 373
"F:/Project_Bytes/Content/Dynamic/Characters/Exterminator/Animations/FirstPerson_Fire.uasset" 374
"F:/Project_Bytes/Content/Dynamic/Characters/Exterminator/Animations/FirstPersonFire_Montage.uasset" 375
"F:/Project_Bytes/Content/Dynamic/Characters/Exterminator/Meshes/BaseMaterial.uasset" 376
"F:/Project_Bytes/Content/Dynamic/Characters/Exterminator/Meshes/FirstPersonProjectileMaterial.uasset" 377
"F:/Project_Bytes/Content/Dynamic/Characters/Exterminator/Meshes/FirstPersonProjectileMesh.uasset" 378
"F:/Project_Bytes/Content/Dynamic/Weapon/Logic/FirstPersonProjectile.uasset" 379
"F:/Project_Bytes/Content/Dynamic/Characters/Exterminator/Audio/FirstPersonTemplateWeaponFire02.uasset" 380
"../../../Engine/Content/Functions/Engine_MaterialFunctions02/Utility/BlendAngleCorrectedNormals.uasset" 381
"../../../Engine/Content/Functions/MaterialLayerFunctions/MatLayerBlend_NormalBlend.uasset" 382
"../../../Engine/Content/Functions/MaterialLayerFunctions/MatLayerBlend_Simple.uasset" 383
"F:/Project_Bytes/Content/Dynamic/Weapon/FPWeapon/Materials/MaterialLayers/T_ML_Rubber_Blue_01_D.uasset" 384
"F:/Project_Bytes/Content/Dynamic/Weapon/FPWeapon/Materials/MaterialLayers/T_ML_Rubber_Blue_01_N.uasset" 385
"F:/Project_Bytes/Content/Dynamic/Weapon/FPWeapon/Materials/MaterialLayers/ML_GlossyBlack_Latex_UE4.uasset" 386
"F:/Project_Bytes/Content/Dynamic/Weapon/FPWeapon/Materials/MaterialLayers/ML_Plastic_Shiny_Beige.uasset" 387
"F:/Project_Bytes/Content/Dynamic/Weapon/FPWeapon/Materials/MaterialLayers/ML_Screen.uasset" 388
"F:/Project_Bytes/Content/Dynamic/Weapon/FPWeapon/Materials/MaterialLayers/T_ML_Aluminum01.uasset" 389
"F:/Project_Bytes/Content/Dynamic/Weapon/FPWeapon/Materials/MaterialLayers/T_ML_Aluminum01_N.uasset" 390
"F:/Project_Bytes/Content/Dynamic/Weapon/FPWeapon/Materials/MaterialLayers/ML_SoftMetal_UE4.uasset" 391
"F:/Project_Bytes/Content/Dynamic/Weapon/FPWeapon/Textures/T_FPGun_M.uasset" 392
"F:/Project_Bytes/Content/Dynamic/Weapon/FPWeapon/Textures/T_FPGun_N.uasset" 393
"F:/Project_Bytes/Content/Dynamic/Weapon/FPWeapon/Materials/M_FPGun.uasset" 394
"F:/Project_Bytes/Content/Dynamic/Weapon/FPWeapon/Mesh/SK_FPGun_Skeleton.uasset" 395
"F:/Project_Bytes/Content/Dynamic/Weapon/FPWeapon/Mesh/SK_FPGun.uasset" 396
"F:/Project_Bytes/Content/Dynamic/Weapon/Logic/MyGun.uasset" 397
"F:/Project_Bytes/Content/Dynamic/Characters/Exterminator/Character/Materials/MaterialLayers/T_ML_Rubber_Blue_01_D.uasset" 398
"F:/Project_Bytes/Content/Dynamic/Characters/Exterminator/Character/Materials/MaterialLayers/T_ML_Rubber_Blue_01_N.uasset" 399
"F:/Project_Bytes/Content/Dynamic/Characters/Exterminator/Character/Materials/MaterialLayers/ML_GlossyBlack_Latex_UE4.uasset" 400
"F:/Project_Bytes/Content/Dynamic/Characters/Exterminator/Character/Materials/MaterialLayers/ML_Plastic_Shiny_Beige.uasset" 401
"F:/Project_Bytes/Content/Dynamic/Characters/Exterminator/Character/Textures/UE4_LOGO_CARD.uasset" 402
"F:/Project_Bytes/Content/Dynamic/Characters/Exterminator/Character/Materials/MaterialLayers/ML_Plastic_Shiny_Beige_LOGO.uasset" 403
"F:/Project_Bytes/Content/Dynamic/Characters/Exterminator/Character/Materials/MaterialLayers/T_ML_Aluminum01.uasset" 404
"F:/Project_Bytes/Content/Dynamic/Characters/Exterminator/Character/Materials/MaterialLayers/T_ML_Aluminum01_N.uasset" 405
"F:/Project_Bytes/Content/Dynamic/Characters/Exterminator/Character/Materials/MaterialLayers/ML_SoftMetal_UE4.uasset" 406
"F:/Project_Bytes/Content/Dynamic/Characters/Exterminator/Character/Textures/UE4_Mannequin__normals.uasset" 407
"F:/Project_Bytes/Content/Dynamic/Characters/Exterminator/Character/Textures/UE4_Mannequin_MAT_MASKA.uasset" 408
"F:/Project_Bytes/Content/Dynamic/Characters/Exterminator/Character/Materials/M_UE4Man_Body.uasset" 409
"F:/Project_Bytes/Content/Dynamic/Characters/Exterminator/Character/Mesh/SK_Mannequin_Arms_PhysicsAsset.uasset" 410
"F:/Project_Bytes/Content/Dynamic/Characters/Exterminator/Character/Mesh/SK_Mannequin_Arms.uasset" 411
"F:/Project_Bytes/Content/Dynamic/Characters/Exterminator/Behaviour/FirstPersonCharacter.uasset" 412
"F:/Project_Bytes/Content/Dynamic/Characters/Exterminator/Textures/FirstPersonCrosshair.uasset" 413
"F:/Project_Bytes/Content/Mannequin/Character/Mesh/UE4_Mannequin_Skeleton.uasset" 414
"F:/Project_Bytes/Content/Mannequin/Animations/ThirdPerson_Jump.uasset" 415
"F:/Project_Bytes/Content/Mannequin/Animations/ThirdPersonJump_Loop.uasset" 416
"F:/Project_Bytes/Content/Mannequin/Animations/ThirdPersonJump_Start.uasset" 417
"F:/Project_Bytes/Content/Mannequin/Animations/ThirdPersonIdle.uasset" 418
"F:/Project_Bytes/Content/Mannequin/Animations/ThirdPersonRun.uasset" 419
"F:/Project_Bytes/Content/Mannequin/Animations/ThirdPersonWalk.uasset" 420
"F:/Project_Bytes/Content/Mannequin/Animations/ThirdPerson_IdleRun_2D.uasset" 421
"F:/Project_Bytes/Content/Mannequin/Animations/ThirdPerson_AnimBP.uasset" 422
"F:/Project_Bytes/Content/Mannequin/Character/Materials/MaterialLayers/T_ML_Rubber_Blue_01_D.uasset" 423
"F:/Project_Bytes/Content/Mannequin/Character/Materials/MaterialLayers/T_ML_Rubber_Blue_01_N.uasset" 424
"F:/Project_Bytes/Content/Mannequin/Character/Materials/MaterialLayers/ML_GlossyBlack_Latex_UE4.uasset" 425
"F:/Project_Bytes/Content/Mannequin/Character/Materials/MaterialLayers/ML_Plastic_Shiny_Beige.uasset" 426
"F:/Project_Bytes/Content/Mannequin/Character/Textures/UE4_LOGO_CARD.uasset" 427
"F:/Project_Bytes/Content/Mannequin/Character/Materials/MaterialLayers/ML_Plastic_Shiny_Beige_LOGO.uasset" 428
"F:/Project_Bytes/Content/Mannequin/Character/Materials/MaterialLayers/T_ML_Aluminum01.uasset" 429
"F:/Project_Bytes/Content/Mannequin/Character/Materials/MaterialLayers/T_ML_Aluminum01_N.uasset" 430
"F:/Project_Bytes/Content/Mannequin/Character/Materials/MaterialLayers/ML_SoftMetal_UE4.uasset" 431
"F:/Project_Bytes/Content/Mannequin/Character/Textures/UE4_Mannequin__normals.uasset" 432
"F:/Project_Bytes/Content/Mannequin/Character/Textures/UE4_Mannequin_MAT_MASKA.uasset" 433
"F:/Project_Bytes/Content/Mannequin/Character/Materials/M_UE4Man_Body.uasset" 434
"F:/Project_Bytes/Content/Mannequin/Character/Textures/UE4Man_Logo_N.uasset" 435
"F:/Project_Bytes/Content/Mannequin/Character/Materials/M_UE4Man_ChestLogo.uasset" 436
"F:/Project_Bytes/Content/Mannequin/Character/Mesh/SK_Mannequin_PhysicsAsset.uasset" 437
"F:/Project_Bytes/Content/Mannequin/Character/Mesh/SK_Mannequin.uasset" 438
"F:/Project_Bytes/Content/ThirdPersonCPP/Blueprints/ThirdPersonCharacter.uasset" 439
"../../Plugins/2D/Paper2D/Content/PlaceholderTextures/DummySpriteTexture.uasset" 440
"../../Plugins/2D/Paper2D/Content/DummySprite.uasset" 441
"../../Plugins/2D/Paper2D/Content/DefaultPaperTerrainMaterial.uasset" 442
"../../Plugins/2D/Paper2D/Content/DefaultSpriteMaterial.uasset" 443
"../../Plugins/2D/Paper2D/Content/MaskedUnlitSpriteMaterial.uasset" 444
"../../Plugins/2D/Paper2D/Content/OpaqueUnlitSpriteMaterial.uasset" 445
"../../Plugins/Media/MediaCompositing/Content/DefaultMediaPlaneTexture.uasset" 446
"../../Plugins/Media/MediaCompositing/Content/DefaultMediaPlaneMaterial.uasset" 447
"../../../Engine/Content/Functions/Engine_MaterialFunctions02/Utility/MakeFloat4.uasset" 448
"../../Plugins/Runtime/AppleARKit/Content/ARKitCameraMaterial.uasset" 449
"../../../Engine/Content/Maps/Entry.umap" 450
"F:/Project_Bytes/Content/ParagonMurdock/Characters/Heroes/Murdock/Meshes/Paragon_Proto_Retarget.uasset" 451
"F:/Project_Bytes/Content/ParagonMurdock/Characters/Heroes/Murdock/Meshes/Murdock_Skeleton.uasset" 452
"F:/Project_Bytes/Content/Static/Characters/Exterminator/Animations/Aim_Space_Ironsights.uasset" 453
"F:/Project_Bytes/Content/Static/Characters/Exterminator/Animations/AimOffset/Aim_Space_Ironsights_Center.uasset" 454
"F:/Project_Bytes/Content/Static/Characters/Exterminator/Animations/AimOffset/Aim_Space_Ironsights_Down.uasset" 455
"F:/Project_Bytes/Content/Static/Characters/Exterminator/Animations/AimOffset/Aim_Space_Ironsights_Up.uasset" 456
"F:/Project_Bytes/Content/Static/Characters/Exterminator/Animations/Idle_Rifle_Ironsights.uasset" 457
"F:/Project_Bytes/Content/Static/Characters/Exterminator/Animations/AimOffset/Aim_Offset.uasset" 458
"F:/Project_Bytes/Content/Static/Characters/Exterminator/Animations/Death_2.uasset" 459
"F:/Project_Bytes/Content/Static/Characters/Exterminator/Animations/Fire_Rifle_Ironsights_Additive.uasset" 460
"F:/Project_Bytes/Content/Static/Characters/Exterminator/Animations/Idle_Rifle_Hip.uasset" 461
"F:/Project_Bytes/Content/Static/Characters/Exterminator/Animations/Jump_From_Jog.uasset" 462
"F:/Project_Bytes/Content/Static/Characters/Exterminator/Animations/Jump_From_Stand.uasset" 463
"F:/Project_Bytes/Content/Static/Characters/Exterminator/Animations/Jog_Bwd_Rifle.uasset" 464
"F:/Project_Bytes/Content/Static/Characters/Exterminator/Animations/Jog_Fwd_Rifle.uasset" 465
"F:/Project_Bytes/Content/Static/Characters/Exterminator/Animations/Jog_Lt_Rifle.uasset" 466
"F:/Project_Bytes/Content/Static/Characters/Exterminator/Animations/Jog_Rt_Rifle.uasset" 467
"F:/Project_Bytes/Content/Static/Characters/Exterminator/Animations/Blendspaces/BS_Exterminator_Jog.uasset" 468
"F:/Project_Bytes/Content/Static/Characters/Exterminator/Animations/Walk_Bwd_Rifle_Ironsights.uasset" 469
"F:/Project_Bytes/Content/Static/Characters/Exterminator/Animations/Walk_Fwd_Rifle_Ironsights.uasset" 470
"F:/Project_Bytes/Content/Static/Characters/Exterminator/Animations/Walk_Lt_Rifle_Ironsights.uasset" 471
"F:/Project_Bytes/Content/Static/Characters/Exterminator/Animations/Walk_Rt_Rifle_Ironsights.uasset" 472
"F:/Project_Bytes/Content/Static/Characters/Exterminator/Animations/Blendspaces/BS_Exterminator_Walk.uasset" 473
"F:/Project_Bytes/Content/AnimStarterPack/UE4_Mannequin/Mesh/UE4_Mannequin_Skeleton.uasset" 474
"F:/Project_Bytes/Content/AnimStarterPack/Crouch_Idle_Rifle_Hip.uasset" 475
"F:/Project_Bytes/Content/AnimStarterPack/Idle_Rifle_Hip.uasset" 476
"F:/Project_Bytes/Content/AnimStarterPack/Jump_From_Jog.uasset" 477
"F:/Project_Bytes/Content/AnimStarterPack/Jump_From_Stand.uasset" 478
"F:/Project_Bytes/Content/AnimStarterPack/Crouch_Walk_Bwd_Rifle_Hip.uasset" 479
"F:/Project_Bytes/Content/AnimStarterPack/Crouch_Walk_Fwd_Rifle_Hip.uasset" 480
"F:/Project_Bytes/Content/AnimStarterPack/Crouch_Walk_Lt_Rifle_Hip.uasset" 481
"F:/Project_Bytes/Content/AnimStarterPack/Crouch_Walk_Rt_Rifle_Hip.uasset" 482
"F:/Project_Bytes/Content/AnimStarterPack/BS_CrouchWalk.uasset" 483
"F:/Project_Bytes/Content/AnimStarterPack/Jog_Bwd_Rifle.uasset" 484
"F:/Project_Bytes/Content/AnimStarterPack/Jog_Fwd_Rifle.uasset" 485
"F:/Project_Bytes/Content/AnimStarterPack/Jog_Lt_Rifle.uasset" 486
"F:/Project_Bytes/Content/AnimStarterPack/Jog_Rt_Rifle.uasset" 487
"F:/Project_Bytes/Content/AnimStarterPack/BS_Jog.uasset" 488
"F:/Project_Bytes/Content/AnimStarterPack/UE4ASP_HeroTPP_AnimBlueprint.uasset" 489
"../../../Engine/Content/Functions/MaterialLayerFunctions/MatLayerBlend_AO.uasset" 490
"F:/Project_Bytes/Content/AnimStarterPack/UE4_Mannequin/Materials/MaterialLayers/T_ML_Rubber_Blue_01_D.uasset" 491
"F:/Project_Bytes/Content/AnimStarterPack/UE4_Mannequin/Materials/MaterialLayers/T_ML_Rubber_Blue_01_N.uasset" 492
"F:/Project_Bytes/Content/AnimStarterPack/UE4_Mannequin/Materials/MaterialLayers/ML_GlossyBlack_Latex_UE4.uasset" 493
"F:/Project_Bytes/Content/AnimStarterPack/UE4_Mannequin/Materials/MaterialLayers/ML_Plastic_Shiny_Beige.uasset" 494
"F:/Project_Bytes/Content/AnimStarterPack/UE4_Mannequin/Textures/UE4_LOGO_CARD.uasset" 495
"F:/Project_Bytes/Content/AnimStarterPack/UE4_Mannequin/Materials/MaterialLayers/ML_Plastic_Shiny_Beige_LOGO.uasset" 496
"F:/Project_Bytes/Content/AnimStarterPack/UE4_Mannequin/Materials/MaterialLayers/T_ML_Aluminum01.uasset" 497
"F:/Project_Bytes/Content/AnimStarterPack/UE4_Mannequin/Materials/MaterialLayers/T_ML_Aluminum01_N.uasset" 498
"F:/Project_Bytes/Content/AnimStarterPack/UE4_Mannequin/Materials/MaterialLayers/ML_SoftMetal_UE4.uasset" 499
"F:/Project_Bytes/Content/AnimStarterPack/UE4_Mannequin/Textures/UE4_Mannequin__normals.uasset" 500
"F:/Project_Bytes/Content/AnimStarterPack/UE4_Mannequin/Textures/UE4_Mannequin_MAT_MASKA.uasset" 501
"F:/Project_Bytes/Content/AnimStarterPack/UE4_Mannequin/Textures/UE4_Mannequin_occlusion_Mobile.uasset" 502
"F:/Project_Bytes/Content/AnimStarterPack/UE4_Mannequin/Materials/M_UE4Man_Body.uasset" 503
"F:/Project_Bytes/Content/AnimStarterPack/UE4_Mannequin/Textures/UE4Man_Logo_N.uasset" 504
"F:/Project_Bytes/Content/AnimStarterPack/UE4_Mannequin/Materials/M_UE4Man_ChestLogo.uasset" 505
"F:/Project_Bytes/Content/AnimStarterPack/UE4_Mannequin/Mesh/SK_Mannequin_PhysicsAsset.uasset" 506
"F:/Project_Bytes/Content/AnimStarterPack/UE4_Mannequin/Mesh/SK_Mannequin.uasset" 507
"F:/Project_Bytes/Content/AnimStarterPack/Ue4ASP_Character.uasset" 508
"F:/Project_Bytes/Content/Dynamic/Characters/Exterminator/Behaviour/BB_PatrolData.uasset" 509
"F:/Project_Bytes/Content/Dynamic/Characters/Exterminator/Behaviour/BT_Chase.uasset" 510
"F:/Project_Bytes/Content/Dynamic/Characters/Exterminator/Behaviour/BT_Patrol.uasset" 511
"F:/Project_Bytes/Content/Dynamic/Characters/Exterminator/Behaviour/BT_Suspision.uasset" 512
"F:/Project_Bytes/Content/Dynamic/Characters/Exterminator/Behaviour/SetFocus.uasset" 513
"F:/Project_Bytes/Content/Dynamic/Characters/Exterminator/Behaviour/UpdateLastLocation.uasset" 514
"F:/Project_Bytes/Content/Dynamic/Characters/Exterminator/Behaviour/BT_GaurdBehaviour.uasset" 515
"F:/Project_Bytes/Content/Dynamic/Characters/Exterminator/Behaviour/BP_Exterminator_AI.uasset" 516
"F:/Project_Bytes/Content/Dynamic/Characters/Exterminator/Blueprint/BP_Exterminator.uasset" 517
"F:/Project_Bytes/Content/Dynamic/Characters/Exterminator/AnimationLogic/AnimationBP/ABP_Exterminator.uasset" 518
"../../../Engine/Content/EngineSky/C_Sky_Cloud_Color.uasset" 519
"../../../Engine/Content/EngineSky/C_Sky_Horizon_Color.uasset" 520
"../../../Engine/Content/EngineSky/C_Sky_Zenith_Color.uasset" 521
"../../../Engine/Content/EngineSky/T_Sky_Blue.uasset" 522
"../../../Engine/Content/EngineSky/T_Sky_Clouds_M.uasset" 523
"../../../Engine/Content/EngineSky/T_Sky_Stars.uasset" 524
"../../../Engine/Content/EngineSky/M_Sky_Panning_Clouds2.uasset" 525
"../../../Engine/Content/EngineSky/SM_SkySphere.uasset" 526
"../../../Engine/Content/EngineSky/BP_Sky_Sphere.uasset" 527
"F:/Project_Bytes/Content/Static/Maps/TextMap_BuiltData.uasset" 528
"../../../Engine/Content/BasicShapes/Cube.uasset" 529
"../../../Engine/Content/MapTemplates/SM_Template_Map_Floor.uasset" 530
"../../../Engine/Content/Functions/Engine_MaterialFunctions01/Gradient/LinearGradient.uasset" 531
"../../../Engine/Content/Functions/Engine_MaterialFunctions01/ImageAdjustment/BlurSampleOffsets.uasset" 532
"../../../Engine/Content/Functions/Engine_MaterialFunctions01/ImageAdjustment/SceneTextureAverage.uasset" 533
"../../../Engine/Content/Functions/Engine_MaterialFunctions02/Utility/CameraVectorWithWPOOptions.uasset" 534
"F:/Project_Bytes/Content/ParagonMurdock/Characters/Global/Eyes/Textures/T_EyeOcclusion2.uasset" 535
"F:/Project_Bytes/Content/ParagonMurdock/Characters/Global/Eyes/Materials/M_Eye_Occlusion.uasset" 536
"../../../Engine/Content/Functions/Engine_MaterialFunctions01/ImageAdjustment/CheapContrast.uasset" 537
"../../../Engine/Content/Functions/Engine_MaterialFunctions01/Shading/MetallicShading.uasset" 538
"../../../Engine/Content/Functions/Engine_MaterialFunctions01/Texturing/WorldAlignedTexture.uasset" 539
"../../../Engine/Content/Functions/Engine_MaterialFunctions02/Texturing/ScreenAlignedPixelToPixelUVs.uasset" 540
"../../../Engine/Content/EngineMaterials/Good64x64TilingNoiseHighFreq.uasset" 541
"../../../Engine/Content/Functions/Engine_MaterialFunctions02/Utility/DitherTemporalAA.uasset" 542
"../../../Engine/Content/Functions/Engine_MaterialFunctions03/Blends/Lerp_ScratchGrime.uasset" 543
"../../../Engine/Content/Functions/MaterialLayerFunctions/MatLayerBlend_BreakBaseColor.uasset" 544
"../../../Engine/Content/Functions/MaterialLayerFunctions/MatLayerBlend_Emissive.uasset" 545
"../../../Engine/Content/Functions/MaterialLayerFunctions/MatLayerBlend_OverrideBaseColor.uasset" 546
"../../../Engine/Content/Functions/MaterialLayerFunctions/MatLayerBlend_Standard.uasset" 547
"../../../Engine/Content/Functions/MaterialLayerFunctions/MatLayerBlend_Tint.uasset" 548
"F:/Project_Bytes/Content/ParagonMurdock/Characters/Global/MaterialFunctions/MaterialLayerConstructors/MLC_ScratchAndGrime.uasset" 549
"../../../Engine/Content/EngineMaterials/DefaultNormal.uasset" 550
"F:/Project_Bytes/Content/ParagonMurdock/Characters/Global/MaterialFunctions/MaterialLayerConstructors/MLC_Standard.uasset" 551
"F:/Project_Bytes/Content/ParagonMurdock/Characters/Global/MaterialFunctions/MF_BrightnessAdjust.uasset" 552
"F:/Project_Bytes/Content/ParagonMurdock/Characters/Global/Textures/Noise/T_AtmosphericCloudNoise01.uasset" 553
"F:/Project_Bytes/Content/ParagonMurdock/Characters/Global/Textures/Noise/T_AtmosphericCloudNoise01_N.uasset" 554
"F:/Project_Bytes/Content/ParagonMurdock/Characters/Global/Textures/Noise/T_AtmosphericCloudNoise03.uasset" 555
"F:/Project_Bytes/Content/ParagonMurdock/Characters/Global/MaterialFunctions/MF_DeathFade.uasset" 556
"F:/Project_Bytes/Content/ParagonMurdock/Characters/Global/T_TestML_Mask.uasset" 557
"F:/Project_Bytes/Content/ParagonMurdock/Characters/Global/MaterialLayers/ML__Blank.uasset" 558
"F:/Project_Bytes/Content/ParagonMurdock/Characters/Global/ParameterCollections/OrionGlobalGameplayCollection.uasset" 559
"F:/Project_Bytes/Content/ParagonMurdock/Characters/Global/MaterialFunctions/MF_HitFlash.uasset" 560
"F:/Project_Bytes/Content/ParagonMurdock/Characters/Global/MaterialLayers/Metal/T_Blue_Metal02.uasset" 561
"F:/Project_Bytes/Content/ParagonMurdock/Characters/Global/MaterialLayers/Rubber/T_Blank_N.uasset" 562
"F:/Project_Bytes/Content/ParagonMurdock/Characters/Global/MaterialLayers/Metal/ML_blue_Metal.uasset" 563
"F:/Project_Bytes/Content/ParagonMurdock/Characters/Global/MaterialFunctions/MF_OrionRimlight.uasset" 564
"F:/Project_Bytes/Content/ParagonMurdock/Characters/Global/MaterialFunctions/MF_CharacterEffects.uasset" 565
"F:/Project_Bytes/Content/ParagonMurdock/Characters/Global/Eyes/Textures/T_Eye_Tearduct__normals2.uasset" 566
"F:/Project_Bytes/Content/ParagonMurdock/Characters/Global/Eyes/Textures/TearDuctSubsurfaceProfile.uasset" 567
"F:/Project_Bytes/Content/ParagonMurdock/Characters/Global/Eyes/Materials/M_TearDuct_2.uasset" 568
"F:/Project_Bytes/Content/ParagonMurdock/Characters/Global/Eyes/Materials/M_TearLine.uasset" 569
"../../../Engine/Content/Functions/MaterialLayerFunctions/MatLayerBlend_BakedNormal.uasset" 570
"../../../Engine/Content/Functions/MaterialLayerFunctions/MatLayerBlend_TenLayerBlend.uasset" 571
"F:/Project_Bytes/Content/ParagonMurdock/Characters/Global/MaterialFunctions/MF_HumanSkin.uasset" 572
"F:/Project_Bytes/Content/ParagonMurdock/Characters/Global/T_Black_Linear.uasset" 573
"F:/Project_Bytes/Content/ParagonMurdock/Characters/Global/MaterialFunctions/MF_OrionCharacterAO.uasset" 574
"F:/Project_Bytes/Content/ParagonMurdock/Characters/Global/MaterialLayers/ML_FlatBlack.uasset" 575
"F:/Project_Bytes/Content/ParagonMurdock/Characters/Heroes/Murdock/Materials/Murdock_SubsurfaceProfile.uasset" 576
"F:/Project_Bytes/Content/ParagonMurdock/Characters/Heroes/Murdock/Textures/T_Murdock_Body_MASK.uasset" 577
"F:/Project_Bytes/Content/ParagonMurdock/Characters/Heroes/Murdock/Textures/T_Murdock_Body_Normals.uasset" 578
"F:/Project_Bytes/Content/ParagonMurdock/Characters/Heroes/Murdock/Textures/T_Murdock_Body_RGB.uasset" 579
"F:/Project_Bytes/Content/ParagonMurdock/Characters/Heroes/Murdock/Textures/T_Murdock_Body_SkinColor.uasset" 580
"F:/Project_Bytes/Content/ParagonMurdock/Characters/Heroes/Murdock/Textures/T_Murdock_Body_SkinColor_Spec.uasset" 581
"F:/Project_Bytes/Content/ParagonMurdock/Characters/Heroes/Murdock/Textures/T_Murdock_Body_SkinColor_Subsurf.uasset" 582
"F:/Project_Bytes/Content/ParagonMurdock/Characters/Heroes/Murdock/Materials/M_Murdock_Head.uasset" 583
"../../../Engine/Content/Functions/Engine_MaterialFunctions01/ImageAdjustment/DeriveHDRfromLDR.uasset" 584
"../../../Engine/Content/Functions/Engine_MaterialFunctions01/Texturing/FlattenNormal.uasset" 585
"F:/Project_Bytes/Content/ParagonMurdock/Characters/Global/MaterialFunctions/MaterialLayerConstructors/MF_BaseColorTintAndContrast.uasset" 586
"F:/Project_Bytes/Content/ParagonMurdock/Characters/Global/MaterialFunctions/MaterialLayerConstructors/MF_RoughnessAdjustment.uasset" 587
"F:/Project_Bytes/Content/ParagonMurdock/Characters/Global/MaterialFunctions/MF_Character_MaterialLayerQuality.uasset" 588
"../../../Engine/Content/EngineMaterials/FlatNormal.uasset" 589
"F:/Project_Bytes/Content/ParagonMurdock/Characters/Heroes/Murdock/Materials/MF_ClothShading.uasset" 590
"F:/Project_Bytes/Content/ParagonMurdock/Characters/Global/MaterialLayers/Fabric/T_ML_Fabric_Blue_Medium_N.uasset" 591
"F:/Project_Bytes/Content/ParagonMurdock/Characters/Global/MaterialLayers/Fabric/T_ML_Fabric_Shiny_Gray.uasset" 592
"F:/Project_Bytes/Content/ParagonMurdock/Characters/Global/MaterialLayers/Fabric/ML_Fabric_shiny_Gray.uasset" 593
"F:/Project_Bytes/Content/ParagonMurdock/Characters/Global/MaterialLayers/Metal/T_Murdock_Metal_Tiling_D.uasset" 594
"F:/Project_Bytes/Content/ParagonMurdock/Characters/Global/MaterialLayers/Metal/ML_Scratched_metal.uasset" 595
"F:/Project_Bytes/Content/ParagonMurdock/Characters/Global/MaterialLayers/Metal/T_ML_Aluminum01_N.uasset" 596
"F:/Project_Bytes/Content/ParagonMurdock/Characters/Global/MaterialLayers/Metal/T_ML_Aluminum01.uasset" 597
"F:/Project_Bytes/Content/ParagonMurdock/Characters/Global/MaterialLayers/Metal/ML_SoftMetal01.uasset" 598
"F:/Project_Bytes/Content/ParagonMurdock/Characters/Global/MaterialLayers/Painted/ML_Plain_Glossy_Plastic.uasset" 599
"F:/Project_Bytes/Content/ParagonMurdock/Characters/Global/MaterialLayers/Rubber/T_ML_Rubber_Blue_01_D.uasset" 600
"F:/Project_Bytes/Content/ParagonMurdock/Characters/Global/MaterialLayers/Rubber/T_ML_Rubber_Blue_01_N.uasset" 601
"F:/Project_Bytes/Content/ParagonMurdock/Characters/Global/MaterialLayers/Rubber/ML_GlossyBlack_Latex.uasset" 602
"F:/Project_Bytes/Content/ParagonMurdock/Characters/Global/MaterialLayers/Rubber/T_Rubber_2_N.uasset" 603
"F:/Project_Bytes/Content/ParagonMurdock/Characters/Global/MaterialLayers/Rubber/T_Rubber_2.uasset" 604
"F:/Project_Bytes/Content/ParagonMurdock/Characters/Global/MaterialLayers/Rubber/ML_Rubber.uasset" 605
"F:/Project_Bytes/Content/ParagonMurdock/Characters/Global/MaterialLayers/Special/ML_GenericDecals.uasset" 606
"F:/Project_Bytes/Content/ParagonMurdock/Characters/Global/MaterialLayers/Painted/T_PaintScratches.uasset" 607
"F:/Project_Bytes/Content/ParagonMurdock/Characters/Global/MaterialLayers/Synthetics/T_Swirly_Noise_highContrast.uasset" 608
"F:/Project_Bytes/Content/ParagonMurdock/Characters/Global/MaterialLayers/Synthetics/ML_ColorableSemiGem.uasset" 609
"F:/Project_Bytes/Content/ParagonMurdock/Characters/Heroes/Murdock/Materials/MF_MurdockArmEmissive.uasset" 610
"F:/Project_Bytes/Content/ParagonMurdock/Characters/Heroes/Murdock/Skins/A_Executioner/Textures/T_M02_Arms_skin02_Decal.uasset" 611
"F:/Project_Bytes/Content/ParagonMurdock/Characters/Heroes/Murdock/Skins/A_Executioner/Textures/T_M02_Arms_skin02_MASK.uasset" 612
"F:/Project_Bytes/Content/ParagonMurdock/Characters/Heroes/Murdock/Skins/A_Executioner/Textures/T_M02_Arms_skin02_Normal.uasset" 613
"F:/Project_Bytes/Content/ParagonMurdock/Characters/Heroes/Murdock/Skins/A_Executioner/Textures/T_Murdock_Arms_MASK_v3.uasset" 614
"F:/Project_Bytes/Content/ParagonMurdock/Characters/Heroes/Murdock/Skins/Tier_1_5/Wasteland/Textures/MurdocSubsurfaceProfile.uasset" 615
"F:/Project_Bytes/Content/ParagonMurdock/Characters/Heroes/Murdock/Textures/T_Murdock_Arms_MASK2.uasset" 616
"F:/Project_Bytes/Content/ParagonMurdock/Characters/Heroes/Murdock/Textures/T_Murdock_Arms_Normals.uasset" 617
"F:/Project_Bytes/Content/ParagonMurdock/Characters/Heroes/Murdock/Textures/T_Murdock_Arms_RGB.uasset" 618
"F:/Project_Bytes/Content/ParagonMurdock/Characters/Heroes/Murdock/Skins/A_Executioner/Materials/M_Murdock_Arms_Executioner.uasset" 619
"F:/Project_Bytes/Content/ParagonMurdock/Characters/Global/MaterialFunctions/MaterialLayerConstructors/MLC_SolidValues.uasset" 620
"F:/Project_Bytes/Content/ParagonMurdock/Characters/Global/MaterialLayers/Metal/ML_shinyMetal.uasset" 621
"F:/Project_Bytes/Content/ParagonMurdock/Characters/Global/MaterialLayers/Rubber/T_ML_FineRubber_N.uasset" 622
"F:/Project_Bytes/Content/ParagonMurdock/Characters/Global/MaterialLayers/Synthetics/ML_FlatPaint.uasset" 623
"F:/Project_Bytes/Content/ParagonMurdock/Characters/Heroes/Murdock/Skins/A_Executioner/Textures/T_M00_Body_skin00_Decal.uasset" 624
"F:/Project_Bytes/Content/ParagonMurdock/Characters/Heroes/Murdock/Skins/A_Executioner/Textures/T_M00_Body_skin00_MASK.uasset" 625
"F:/Project_Bytes/Content/ParagonMurdock/Characters/Heroes/Murdock/Skins/A_Executioner/Textures/T_M00_Body_skin00_Normal.uasset" 626
"F:/Project_Bytes/Content/ParagonMurdock/Characters/Heroes/Murdock/Skins/A_Executioner/Textures/T_Murdock_Body_MASK_v3.uasset" 627
"F:/Project_Bytes/Content/ParagonMurdock/Characters/Heroes/Murdock/Textures/T_Murdock_Body_MASK_2.uasset" 628
"F:/Project_Bytes/Content/ParagonMurdock/Characters/Heroes/Murdock/Skins/A_Executioner/Materials/M_Murdock_Body_Executioner.uasset" 629
"../../../Engine/Content/Functions/Engine_MaterialFunctions02/Fresnel_Function.uasset" 630
"F:/Project_Bytes/Content/ParagonMurdock/Characters/Heroes/Murdock/Skins/A_Executioner/Textures/T_M10_Glass_skin10_MASK.uasset" 631
"F:/Project_Bytes/Content/ParagonMurdock/Characters/Heroes/Murdock/Skins/A_Executioner/Materials/M_Murdock_Glass_pattern.uasset" 632
"F:/Project_Bytes/Content/ParagonMurdock/Characters/Heroes/Murdock/Skins/A_Executioner/Textures/T_M03_Legs_skin03_Decal.uasset" 633
"F:/Project_Bytes/Content/ParagonMurdock/Characters/Heroes/Murdock/Skins/A_Executioner/Textures/T_M03_Legs_skin03_Normal.uasset" 634
"F:/Project_Bytes/Content/ParagonMurdock/Characters/Heroes/Murdock/Skins/A_Executioner/Textures/T_Murdock_Legs_MASK_v3.uasset" 635
"F:/Project_Bytes/Content/ParagonMurdock/Characters/Heroes/Murdock/Textures/T_Murdock_Legs_MASK_2.uasset" 636
"F:/Project_Bytes/Content/ParagonMurdock/Characters/Heroes/Murdock/Textures/T_Murdock_Legs_Normals.uasset" 637
"F:/Project_Bytes/Content/ParagonMurdock/Characters/Heroes/Murdock/Textures/T_Murdock_Legs_RGB.uasset" 638
"F:/Project_Bytes/Content/ParagonMurdock/Characters/Heroes/Murdock/Skins/A_Executioner/Materials/M_Murdock_Legs_Executioner.uasset" 639
"F:/Project_Bytes/Content/ParagonMurdock/Characters/Global/MaterialLayers/Metal/T_Gray_Flat_Black.uasset" 640
"F:/Project_Bytes/Content/ParagonMurdock/Characters/Global/MaterialLayers/Metal/T_Rough_Metal_N.uasset" 641
"F:/Project_Bytes/Content/ParagonMurdock/Characters/Global/MaterialLayers/Metal/ML_Gray_Flat_Black_Metal.uasset" 642
"F:/Project_Bytes/Content/ParagonMurdock/Characters/Heroes/Murdock/Textures/T_Murdock_Weapons_MASK.uasset" 643
"F:/Project_Bytes/Content/ParagonMurdock/Characters/Heroes/Murdock/Textures/T_Murdock_Weapons_MASK_2.uasset" 644
"F:/Project_Bytes/Content/ParagonMurdock/Characters/Heroes/Murdock/Textures/T_Murdock_Weapons_Normals.uasset" 645
"F:/Project_Bytes/Content/ParagonMurdock/Characters/Heroes/Murdock/Textures/T_Murdock_Weapons_RGB.uasset" 646
"F:/Project_Bytes/Content/ParagonMurdock/Characters/Heroes/Murdock/Skins/A_Executioner/Materials/M_Murdock_WeaponExecutioner.uasset" 647
"F:/Project_Bytes/Content/ParagonMurdock/Characters/Global/Mouth/Materials/TeethSubsurfaceProfile.uasset" 648
"F:/Project_Bytes/Content/ParagonMurdock/Characters/Global/Mouth/Textures/T_Master_Mouth_1_COLOR.uasset" 649
"F:/Project_Bytes/Content/ParagonMurdock/Characters/Global/Mouth/Textures/T_Master_Mouth_1_N.uasset" 650
"F:/Project_Bytes/Content/ParagonMurdock/Characters/Global/Mouth/Textures/T_Master_Mouth_1_RGB.uasset" 651
"F:/Project_Bytes/Content/ParagonMurdock/Characters/Global/Mouth/Materials/M_Mouth_Master.uasset" 652
"F:/Project_Bytes/Content/ParagonMurdock/Characters/Global/Mouth/Textures/T_TeethAndTongue_D.uasset" 653
"F:/Project_Bytes/Content/ParagonMurdock/Characters/Global/Mouth/Textures/T_TeethAndTongue_N.uasset" 654
"F:/Project_Bytes/Content/ParagonMurdock/Characters/Global/Mouth/Materials/MI_Human_Mouth.uasset" 655
"../../../Engine/Content/Functions/Engine_MaterialFunctions02/HueShift.uasset" 656
"../../../Engine/Content/Functions/Engine_MaterialFunctions02/TangentBasis.uasset" 657
"F:/Project_Bytes/Content/ParagonMurdock/Characters/Global/Eyes/Textures/T_EyeMidPlaneDisplacement_Example.uasset" 658
"F:/Project_Bytes/Content/ParagonMurdock/Characters/Global/Eyes/MaterialFunctions/ML_EyeRefraction.uasset" 659
"../../../Engine/Content/EngineMaterials/BaseFlattenNormalMap.uasset" 660
"F:/Project_Bytes/Content/ParagonMurdock/Characters/Global/Eyes/Textures/T_Murdock_Corona_D.uasset" 661
"F:/Project_Bytes/Content/ParagonMurdock/Characters/Global/Eyes/Materials/ML_TacticiaULTEye.uasset" 662
"F:/Project_Bytes/Content/ParagonMurdock/Characters/Global/Eyes/Textures/EpicQuadPanorama_CC.uasset" 663
"F:/Project_Bytes/Content/ParagonMurdock/Characters/Global/Eyes/Textures/EyeInner_Profile.uasset" 664
"F:/Project_Bytes/Content/ParagonMurdock/Characters/Global/Eyes/Textures/T_DecalMask_Radial03.uasset" 665
"F:/Project_Bytes/Content/ParagonMurdock/Characters/Global/Eyes/Textures/T_EYE_NORMALS.uasset" 666
"F:/Project_Bytes/Content/ParagonMurdock/Characters/Global/Eyes/Textures/T_Eye_Wet_Normal.uasset" 667
"F:/Project_Bytes/Content/ParagonMurdock/Characters/Global/Eyes/Textures/T_EyeIrisBaseColor_Example_2.uasset" 668
"F:/Project_Bytes/Content/ParagonMurdock/Characters/Global/Eyes/Textures/T_EyeScleraBaseColor_Example_2.uasset" 669
"F:/Project_Bytes/Content/ParagonMurdock/Characters/Global/Eyes/Textures/T_Sphere_EYE_NORMALS.uasset" 670
"F:/Project_Bytes/Content/ParagonMurdock/Characters/Global/Eyes/Textures/T_Swirly_Noise.uasset" 671
"F:/Project_Bytes/Content/ParagonMurdock/Characters/Global/Eyes/Materials/M_EyeRefractive.uasset" 672
"F:/Project_Bytes/Content/ParagonMurdock/Characters/Global/Eyes/Textures/T_EyeIrisBaseColor_Example_3.uasset" 673
"F:/Project_Bytes/Content/ParagonMurdock/Characters/Heroes/Murdock/Materials/MI_Murdock_EyeRefractive.uasset" 674
"../../../Engine/Content/EngineResources/Black.uasset" 675
"F:/Project_Bytes/Content/ParagonMurdock/Characters/Global/MaterialLayers/Fabric/T_Flat_White.uasset" 676
"F:/Project_Bytes/Content/ParagonMurdock/Characters/Global/Glass/M_Glass_Master.uasset" 677
"F:/Project_Bytes/Content/ParagonMurdock/Characters/Heroes/Murdock/Skins/A_Executioner/Materials/MIC_VisorGlass_Executioner.uasset" 678
"F:/Project_Bytes/Content/ParagonMurdock/Characters/Heroes/Murdock/Meshes/Murdock_CylShadows.uasset" 679
"F:/Project_Bytes/Content/ParagonMurdock/Characters/Heroes/Murdock/Meshes/Murdock_Extents.uasset" 680
"F:/Project_Bytes/Content/ParagonMurdock/Characters/Heroes/Murdock/Skins/A_Executioner/Mesh/Murdock_Executioner.uasset" 681
"F:/Project_Bytes/Content/Static/Maps/TextMap.umap" 682
